/*C3*/SET SCHEMA PUBLIC
DISCONNECT
/*C4*/SET SCHEMA FACTURACION
DELETE FROM DOCUMENTOCOMERCIAL_DETALLES WHERE DOCUMENTOCOMERCIAL_OID='402881c483bad68b0183baf627a20001' AND CANTIDAD=1 AND PRODUCTO_NUMERO=1 AND PRECIOPORUNIDAD=100.00
DELETE FROM DOCUMENTOCOMERCIAL_DETALLES WHERE DOCUMENTOCOMERCIAL_OID='402881c483bad68b0183baf627a20001' AND CANTIDAD=2 AND PRODUCTO_NUMERO=2 AND PRECIOPORUNIDAD=1000.00
DELETE FROM DOCUMENTOCOMERCIAL WHERE OID='402881c483bad68b0183baf627a20001'
COMMIT
DELETE FROM DOCUMENTOCOMERCIAL_DETALLES WHERE DOCUMENTOCOMERCIAL_OID='402881c483ba1bc70183ba285c8e0004' AND CANTIDAD=35 AND PRODUCTO_NUMERO=1 AND PRECIOPORUNIDAD=100.00
DELETE FROM DOCUMENTOCOMERCIAL_DETALLES WHERE DOCUMENTOCOMERCIAL_OID='402881c483ba1bc70183ba285c8e0004' AND CANTIDAD=3 AND PRODUCTO_NUMERO=2 AND PRECIOPORUNIDAD=1000.00
DELETE FROM DOCUMENTOCOMERCIAL WHERE OID='402881c483ba1bc70183ba285c8e0004'
COMMIT
DELETE FROM DOCUMENTOCOMERCIAL_DETALLES WHERE DOCUMENTOCOMERCIAL_OID='402881c483ba1bc70183ba24d3f20002' AND CANTIDAD=2 AND PRODUCTO_NUMERO=1 AND PRECIOPORUNIDAD=100.00
DELETE FROM DOCUMENTOCOMERCIAL_DETALLES WHERE DOCUMENTOCOMERCIAL_OID='402881c483ba1bc70183ba24d3f20002' AND CANTIDAD=1 AND PRODUCTO_NUMERO=2 AND PRECIOPORUNIDAD=1000.00
DELETE FROM DOCUMENTOCOMERCIAL WHERE OID='402881c483ba1bc70183ba24d3f20002'
COMMIT
INSERT INTO DOCUMENTOCOMERCIAL VALUES('Pedido','4028838a83f363ea0183f365250e0000',2022,'2022-10-19',6,'n',2,NULL,363.00,63.00,21)
INSERT INTO DOCUMENTOCOMERCIAL_DETALLES VALUES('4028838a83f363ea0183f365250e0000',3,1,100.00)
COMMIT
DELETE FROM AUTOR WHERE OID='402881c183b42f420183b43293400000'
COMMIT
DELETE FROM AUTOR WHERE OID='402881c183b42f420183b433777a0002'
COMMIT
DELETE FROM CATEGORIA WHERE OID='402881c18396707501839677801a0001'
COMMIT
DELETE FROM CATEGORIA WHERE OID='402881c183b44c420183b46412080001'
COMMIT
DELETE FROM DOCUMENTOCOMERCIAL_DETALLES WHERE DOCUMENTOCOMERCIAL_OID='4028838a83f363ea0183f365250e0000' AND CANTIDAD=3 AND PRODUCTO_NUMERO=1 AND PRECIOPORUNIDAD=100.00
DELETE FROM DOCUMENTOCOMERCIAL WHERE OID='4028838a83f363ea0183f365250e0000'
COMMIT
DELETE FROM DOCUMENTOCOMERCIAL_DETALLES WHERE DOCUMENTOCOMERCIAL_OID='402881c483ba1bc70183ba24d1d40001' AND CANTIDAD=1 AND PRODUCTO_NUMERO=1 AND PRECIOPORUNIDAD=100.00
DELETE FROM DOCUMENTOCOMERCIAL WHERE OID='402881c483ba1bc70183ba24d1d40001'
COMMIT
DELETE FROM DOCUMENTOCOMERCIAL_DETALLES WHERE DOCUMENTOCOMERCIAL_OID='402881c483ba1bc70183ba2842890003' AND CANTIDAD=3 AND PRODUCTO_NUMERO=2 AND PRECIOPORUNIDAD=1000.00
DELETE FROM DOCUMENTOCOMERCIAL WHERE OID='402881c483ba1bc70183ba2842890003'
COMMIT
DELETE FROM DOCUMENTOCOMERCIAL_DETALLES WHERE DOCUMENTOCOMERCIAL_OID='402881c483bad68b0183baf6253e0000' AND CANTIDAD=3 AND PRODUCTO_NUMERO=1 AND PRECIOPORUNIDAD=100.00
DELETE FROM DOCUMENTOCOMERCIAL WHERE OID='402881c483bad68b0183baf6253e0000'
COMMIT
DELETE FROM DOCUMENTOCOMERCIAL_DETALLES WHERE DOCUMENTOCOMERCIAL_OID='402881c983e1fc540183e1fd9d940000' AND CANTIDAD=2 AND PRODUCTO_NUMERO=1 AND PRECIOPORUNIDAD=100.00
DELETE FROM DOCUMENTOCOMERCIAL WHERE OID='402881c983e1fc540183e1fd9d940000'
COMMIT
DELETE FROM DOCUMENTOCOMERCIAL_DETALLES WHERE DOCUMENTOCOMERCIAL_OID='402881c983dea8e00183deabda170000' AND CANTIDAD=1 AND PRODUCTO_NUMERO=1 AND PRECIOPORUNIDAD=100.00
DELETE FROM DOCUMENTOCOMERCIAL WHERE OID='402881c983dea8e00183deabda170000'
COMMIT
DELETE FROM TUPRIMERAENTIDAD WHERE ID='402881c183b44c420183b47081e20002'
COMMIT
DELETE FROM PRODUCTO WHERE NUMERO=3
COMMIT
DELETE FROM PRODUCTO WHERE NUMERO=2
COMMIT
DELETE FROM PRODUCTO WHERE NUMERO=1
COMMIT
DELETE FROM CLIENTE WHERE NUMERO=1
COMMIT
DELETE FROM CLIENTE WHERE NUMERO=2
COMMIT
DELETE FROM CATEGORIA WHERE OID='402881c183967075018396775d470000'
COMMIT
DELETE FROM AUTOR WHERE OID='402881c183b42f420183b433364f0001'
COMMIT
DELETE FROM AUTOR WHERE OID='402881c183b44c420183b4613ce50000'
COMMIT
INSERT INTO AUTOR VALUES('4028838a83f363ea0183f366cdb20001','Gerard Way')
COMMIT
INSERT INTO AUTOR VALUES('4028838a83f363ea0183f366f30b0002','Citlali Hau')
COMMIT
INSERT INTO AUTOR VALUES('4028838a83f363ea0183f367034a0003','Angel Hau')
COMMIT
INSERT INTO AUTOR VALUES('4028838a83f363ea0183f36717de0004','Aram Hau')
COMMIT
INSERT INTO CATEGORIA VALUES('4028838a83f363ea0183f36729a20005','Libro')
COMMIT
INSERT INTO CATEGORIA VALUES('4028838a83f363ea0183f36741ac0006','M\u00fasica')
COMMIT
INSERT INTO CATEGORIA VALUES('4028838a83f363ea0183f36766bf0007','Ropa')
COMMIT
INSERT INTO CLIENTE VALUES(1,'Sinai Hau',26216,'Quintana Roo','Felipe Carillo Pto.','Centro')
COMMIT
INSERT INTO CLIENTE VALUES(2,'Frank iero',29364,'Quintana Roo','Chetumal','centro')
COMMIT
INSERT INTO PRODUCTO VALUES(1,'Libro de dibujos','4028838a83f363ea0183f36729a20005',NULL,'',100.00,'4028838a83f363ea0183f367034a0003')
COMMIT
INSERT INTO PRODUCTO VALUES(2,'Canci\u00f3n de vocales','4028838a83f363ea0183f36741ac0006',NULL,'',1000.00,'4028838a83f363ea0183f366cdb20001')
COMMIT
INSERT INTO PRODUCTO VALUES(3,'Blusa','4028838a83f363ea0183f36766bf0007',NULL,'',1000.00,'4028838a83f363ea0183f366f30b0002')
COMMIT
INSERT INTO PRODUCTO VALUES(4,'Canci\u00f3n de los animales ','4028838a83f363ea0183f36741ac0006',NULL,'',10000.00,'4028838a83f363ea0183f36717de0004')
COMMIT
INSERT INTO DOCUMENTOCOMERCIAL VALUES('Factura','4028838a83f363ea0183f36b4e900008',2022,'2022-10-19',1,'',2,NULL,2420.00,420.00,21)
INSERT INTO DOCUMENTOCOMERCIAL_DETALLES VALUES('4028838a83f363ea0183f36b4e900008',2,2,1000.00)
COMMIT
INSERT INTO DOCUMENTOCOMERCIAL VALUES('Factura','4028838a83f363ea0183f36c03090009',2022,'2022-10-19',2,'',1,NULL,26862.00,4662.00,21)
INSERT INTO DOCUMENTOCOMERCIAL_DETALLES VALUES('4028838a83f363ea0183f36c03090009',2,4,10000.00)
INSERT INTO DOCUMENTOCOMERCIAL_DETALLES VALUES('4028838a83f363ea0183f36c03090009',2,3,1000.00)
INSERT INTO DOCUMENTOCOMERCIAL_DETALLES VALUES('4028838a83f363ea0183f36c03090009',2,1,100.00)
COMMIT
