#
# There is insufficient memory for the Java Runtime Environment to continue.
# Native memory allocation (malloc) failed to allocate 752256 bytes for Chunk::new
# Possible reasons:
#   The system is out of physical RAM or swap space
#   The process is running with CompressedOops enabled, and the Java Heap may be blocking the growth of the native heap
# Possible solutions:
#   Reduce memory load on the system
#   Increase physical memory or swap space
#   Check if swap backing store is full
#   Decrease Java heap size (-Xmx/-Xms)
#   Decrease number of Java threads
#   Decrease Java thread stack sizes (-Xss)
#   Set larger code cache with -XX:ReservedCodeCacheSize=
#   JVM is running with Unscaled Compressed Oops mode in which the Java heap is
#     placed in the first 4GB address space. The Java Heap base address is the
#     maximum limit for the native heap growth. Please use -XX:HeapBaseMinAddress
#     to set the Java Heap base and to place the Java Heap above 4GB virtual address.
# This output file may be truncated or incomplete.
#
#  Out of Memory Error (t:/workspace/open/src/hotspot/share/memory/arena.cpp:197), pid=7448, tid=756
#
# JRE version: OpenJDK Runtime Environment (11.0.2+9) (build 11.0.2+9)
# Java VM: OpenJDK 64-Bit Server VM (11.0.2+9, mixed mode, tiered, compressed oops, g1 gc, windows-amd64)
# No core dump will be written. Minidumps are not enabled by default on client versions of Windows
#

---------------  S U M M A R Y ------------

Command Line: -Dfile.encoding=Cp1252 _run._Run_facturacion

Host: Intel(R) Celeron(R) N4000 CPU @ 1.10GHz, 2 cores, 3G,  Windows 10 , 64 bit Build 19041 (10.0.19041.1889)
Time: Sun Oct 16 15:09:46 2022 Hora estándar del Este (México) elapsed time: 40 seconds (0d 0h 0m 40s)

---------------  T H R E A D  ---------------

Current thread (0x000001f0a3566000):  JavaThread "C2 CompilerThread0" daemon [_thread_in_native, id=756, stack(0x00000089bb500000,0x00000089bb600000)]


Current CompileTask:
C2:  40619 6054       4       java.lang.reflect.Method::getAnnotation (6 bytes)

Stack: [0x00000089bb500000,0x00000089bb600000]
Native frames: (J=compiled Java code, j=interpreted, Vv=VM code, C=native code)
V  [jvm.dll+0x63489a]
V  [jvm.dll+0x771f9f]
V  [jvm.dll+0x773648]
V  [jvm.dll+0x773d03]
V  [jvm.dll+0x25eba8]
V  [jvm.dll+0xc2191]
V  [jvm.dll+0xc271c]
V  [jvm.dll+0x2cf964]
V  [jvm.dll+0x55129f]
V  [jvm.dll+0x21a125]
V  [jvm.dll+0x217a46]
V  [jvm.dll+0x194370]
V  [jvm.dll+0x226b3f]
V  [jvm.dll+0x225148]
V  [jvm.dll+0x73774d]
V  [jvm.dll+0x633942]
C  [ucrtbase.dll+0x21bb2]
C  [KERNEL32.DLL+0x17034]
C  [ntdll.dll+0x526a1]


---------------  P R O C E S S  ---------------

Threads class SMR info:
_java_thread_list=0x000001f0a86c6bc0, length=29, elements={
0x000001f08c0d0800, 0x000001f0a3542000, 0x000001f0a354c800, 0x000001f0a3560000,
0x000001f0a3562000, 0x000001f0a3566000, 0x000001f0a35c3800, 0x000001f0a35c9000,
0x000001f0a3824000, 0x000001f0a3835800, 0x000001f0a3c8a800, 0x000001f0a504e000,
0x000001f0a6831800, 0x000001f0a4296800, 0x000001f0a6945000, 0x000001f0a3c48800,
0x000001f0a4cc1800, 0x000001f0a4cc2000, 0x000001f0a4cc3000, 0x000001f0a4cc3800,
0x000001f0a48ce800, 0x000001f0a48d0000, 0x000001f0a48cb000, 0x000001f0a48cd000,
0x000001f0a48cd800, 0x000001f0a48cc000, 0x000001f0a48ca800, 0x000001f0a7483000,
0x000001f0a7484800
}

Java Threads: ( => current thread )
  0x000001f08c0d0800 JavaThread "main" [_thread_blocked, id=14952, stack(0x00000089baa00000,0x00000089bab00000)]
  0x000001f0a3542000 JavaThread "Reference Handler" daemon [_thread_blocked, id=7244, stack(0x00000089bb100000,0x00000089bb200000)]
  0x000001f0a354c800 JavaThread "Finalizer" daemon [_thread_blocked, id=7276, stack(0x00000089bb200000,0x00000089bb300000)]
  0x000001f0a3560000 JavaThread "Signal Dispatcher" daemon [_thread_blocked, id=15316, stack(0x00000089bb300000,0x00000089bb400000)]
  0x000001f0a3562000 JavaThread "Attach Listener" daemon [_thread_blocked, id=12824, stack(0x00000089bb400000,0x00000089bb500000)]
=>0x000001f0a3566000 JavaThread "C2 CompilerThread0" daemon [_thread_in_native, id=756, stack(0x00000089bb500000,0x00000089bb600000)]
  0x000001f0a35c3800 JavaThread "C1 CompilerThread0" daemon [_thread_blocked, id=5328, stack(0x00000089bb600000,0x00000089bb700000)]
  0x000001f0a35c9000 JavaThread "Sweeper thread" daemon [_thread_blocked, id=13232, stack(0x00000089bb700000,0x00000089bb800000)]
  0x000001f0a3824000 JavaThread "Service Thread" daemon [_thread_blocked, id=9220, stack(0x00000089bb800000,0x00000089bb900000)]
  0x000001f0a3835800 JavaThread "Common-Cleaner" daemon [_thread_blocked, id=10816, stack(0x00000089bba00000,0x00000089bbb00000)]
  0x000001f0a3c8a800 JavaThread "HSQLDB Server @4fd687bd" [_thread_in_native, id=6936, stack(0x00000089bbd00000,0x00000089bbe00000)]
  0x000001f0a504e000 JavaThread "http-nio-8080-BlockPoller" daemon [_thread_in_native, id=10596, stack(0x00000089bbe00000,0x00000089bbf00000)]
  0x000001f0a6831800 JavaThread "HSQLDB Timer @4f3e7556" daemon [_thread_blocked, id=8636, stack(0x00000089bbf00000,0x00000089bc000000)]
  0x000001f0a4296800 JavaThread "Catalina-utility-1" [_thread_blocked, id=2952, stack(0x00000089bbb00000,0x00000089bbc00000)]
  0x000001f0a6945000 JavaThread "Catalina-utility-2" [_thread_blocked, id=6532, stack(0x00000089bc000000,0x00000089bc100000)]
  0x000001f0a3c48800 JavaThread "http-nio-8080-exec-1" daemon [_thread_blocked, id=7832, stack(0x00000089bc100000,0x00000089bc200000)]
  0x000001f0a4cc1800 JavaThread "http-nio-8080-exec-2" daemon [_thread_in_native, id=14744, stack(0x00000089bc200000,0x00000089bc300000)]
  0x000001f0a4cc2000 JavaThread "http-nio-8080-exec-3" daemon [_thread_blocked, id=1916, stack(0x00000089bc300000,0x00000089bc400000)]
  0x000001f0a4cc3000 JavaThread "http-nio-8080-exec-4" daemon [_thread_in_native, id=3780, stack(0x00000089bc400000,0x00000089bc500000)]
  0x000001f0a4cc3800 JavaThread "http-nio-8080-exec-5" daemon [_thread_blocked, id=8356, stack(0x00000089bc500000,0x00000089bc600000)]
  0x000001f0a48ce800 JavaThread "http-nio-8080-exec-6" daemon [_thread_blocked, id=4288, stack(0x00000089bc600000,0x00000089bc700000)]
  0x000001f0a48d0000 JavaThread "http-nio-8080-exec-7" daemon [_thread_blocked, id=12888, stack(0x00000089bc700000,0x00000089bc800000)]
  0x000001f0a48cb000 JavaThread "http-nio-8080-exec-8" daemon [_thread_blocked, id=5360, stack(0x00000089bc800000,0x00000089bc900000)]
  0x000001f0a48cd000 JavaThread "http-nio-8080-exec-9" daemon [_thread_blocked, id=14116, stack(0x00000089bc900000,0x00000089bca00000)]
  0x000001f0a48cd800 JavaThread "http-nio-8080-exec-10" daemon [_thread_blocked, id=3196, stack(0x00000089bca00000,0x00000089bcb00000)]
  0x000001f0a48cc000 JavaThread "http-nio-8080-ClientPoller" daemon [_thread_in_native, id=13744, stack(0x00000089bcb00000,0x00000089bcc00000)]
  0x000001f0a48ca800 JavaThread "http-nio-8080-Acceptor" daemon [_thread_in_native, id=14712, stack(0x00000089bcc00000,0x00000089bcd00000)]
  0x000001f0a7483000 JavaThread "HSQLDB Connection @2a79bebf" [_thread_in_native, id=15116, stack(0x00000089bcf00000,0x00000089bd000000)]
  0x000001f0a7484800 JavaThread "HSQLDB Connection @4d817cd5" [_thread_in_native, id=3120, stack(0x00000089bd000000,0x00000089bd100000)]

Other Threads:
  0x000001f0a3540000 VMThread "VM Thread" [stack: 0x00000089bb000000,0x00000089bb100000] [id=2668]
  0x000001f0a3825000 WatcherThread [stack: 0x00000089bb900000,0x00000089bba00000] [id=8592]
  0x000001f08c0e7800 GCTaskThread "GC Thread#0" [stack: 0x00000089bab00000,0x00000089bac00000] [id=12684]
  0x000001f0a3a4d000 GCTaskThread "GC Thread#1" [stack: 0x00000089bbc00000,0x00000089bbd00000] [id=8312]
  0x000001f08c104000 ConcurrentGCThread "G1 Main Marker" [stack: 0x00000089bac00000,0x00000089bad00000] [id=12568]
  0x000001f08c10a000 ConcurrentGCThread "G1 Conc#0" [stack: 0x00000089bad00000,0x00000089bae00000] [id=10664]
  0x000001f08c145800 ConcurrentGCThread "G1 Refine#0" [stack: 0x00000089bae00000,0x00000089baf00000] [id=11588]
  0x000001f08c147800 ConcurrentGCThread "G1 Young RemSet Sampling" [stack: 0x00000089baf00000,0x00000089bb000000] [id=15000]

Threads with active compile tasks:
C2 CompilerThread06054       4       java.lang.reflect.Method::getAnnotation (6 bytes)

VM state:not at safepoint (normal execution)

VM Mutex/Monitor currently owned by a thread: None

Heap address: 0x00000000c2a00000, size: 982 MB, Compressed Oops mode: 32-bit
Narrow klass base: 0x0000000000000000, Narrow klass shift: 3
Compressed class space size: 1073741824 Address: 0x0000000100000000

Heap:
 garbage-first heap   total 92160K, used 53143K [0x00000000c2a00000, 0x0000000100000000)
  region size 1024K, 10 young (10240K), 2 survivors (2048K)
 Metaspace       used 56245K, capacity 57136K, committed 57344K, reserved 1103872K
  class space    used 7120K, capacity 7423K, committed 7424K, reserved 1048576K
Heap Regions: E=young(eden), S=young(survivor), O=old, HS=humongous(starts), HC=humongous(continues), CS=collection set, F=free, A=archive, TAMS=top-at-mark-start (previous, next)
|   0|0x00000000c2a00000, 0x00000000c2b00000, 0x00000000c2b00000|100%|HS|  |TAMS 0x00000000c2b00000, 0x00000000c2a00000| Complete 
|   1|0x00000000c2b00000, 0x00000000c2c00000, 0x00000000c2c00000|100%| O|  |TAMS 0x00000000c2c00000, 0x00000000c2b00000| Untracked 
|   2|0x00000000c2c00000, 0x00000000c2d00000, 0x00000000c2d00000|100%| O|  |TAMS 0x00000000c2d00000, 0x00000000c2c00000| Untracked 
|   3|0x00000000c2d00000, 0x00000000c2e00000, 0x00000000c2e00000|100%| O|  |TAMS 0x00000000c2e00000, 0x00000000c2d00000| Untracked 
|   4|0x00000000c2e00000, 0x00000000c2f00000, 0x00000000c2f00000|100%| O|  |TAMS 0x00000000c2f00000, 0x00000000c2e00000| Untracked 
|   5|0x00000000c2f00000, 0x00000000c3000000, 0x00000000c3000000|100%| O|  |TAMS 0x00000000c3000000, 0x00000000c2f00000| Untracked 
|   6|0x00000000c3000000, 0x00000000c3100000, 0x00000000c3100000|100%| O|  |TAMS 0x00000000c3100000, 0x00000000c3000000| Untracked 
|   7|0x00000000c3100000, 0x00000000c3200000, 0x00000000c3200000|100%| O|  |TAMS 0x00000000c3200000, 0x00000000c3100000| Untracked 
|   8|0x00000000c3200000, 0x00000000c3300000, 0x00000000c3300000|100%| O|  |TAMS 0x00000000c3300000, 0x00000000c3200000| Untracked 
|   9|0x00000000c3300000, 0x00000000c3400000, 0x00000000c3400000|100%| O|  |TAMS 0x00000000c3400000, 0x00000000c3300000| Untracked 
|  10|0x00000000c3400000, 0x00000000c3500000, 0x00000000c3500000|100%|HS|  |TAMS 0x00000000c3500000, 0x00000000c3400000| Complete 
|  11|0x00000000c3500000, 0x00000000c3600000, 0x00000000c3600000|100%| O|  |TAMS 0x00000000c3500000, 0x00000000c3500000| Untracked 
|  12|0x00000000c3600000, 0x00000000c3700000, 0x00000000c3700000|100%| O|  |TAMS 0x00000000c3700000, 0x00000000c3600000| Untracked 
|  13|0x00000000c3700000, 0x00000000c3800000, 0x00000000c3800000|100%| O|  |TAMS 0x00000000c3800000, 0x00000000c3700000| Untracked 
|  14|0x00000000c3800000, 0x00000000c3900000, 0x00000000c3900000|100%| O|  |TAMS 0x00000000c3900000, 0x00000000c3800000| Untracked 
|  15|0x00000000c3900000, 0x00000000c3a00000, 0x00000000c3a00000|100%| O|  |TAMS 0x00000000c3a00000, 0x00000000c3900000| Untracked 
|  16|0x00000000c3a00000, 0x00000000c3b00000, 0x00000000c3b00000|100%| O|  |TAMS 0x00000000c3b00000, 0x00000000c3a00000| Untracked 
|  17|0x00000000c3b00000, 0x00000000c3c00000, 0x00000000c3c00000|100%| O|  |TAMS 0x00000000c3c00000, 0x00000000c3b00000| Untracked 
|  18|0x00000000c3c00000, 0x00000000c3d00000, 0x00000000c3d00000|100%| O|  |TAMS 0x00000000c3c00000, 0x00000000c3c00000| Untracked 
|  19|0x00000000c3d00000, 0x00000000c3e00000, 0x00000000c3e00000|100%| O|  |TAMS 0x00000000c3e00000, 0x00000000c3d00000| Untracked 
|  20|0x00000000c3e00000, 0x00000000c3f00000, 0x00000000c3f00000|100%| O|  |TAMS 0x00000000c3f00000, 0x00000000c3e00000| Untracked 
|  21|0x00000000c3f00000, 0x00000000c4000000, 0x00000000c4000000|100%| O|  |TAMS 0x00000000c4000000, 0x00000000c3f00000| Untracked 
|  22|0x00000000c4000000, 0x00000000c4100000, 0x00000000c4100000|100%| O|  |TAMS 0x00000000c4100000, 0x00000000c4000000| Untracked 
|  23|0x00000000c4100000, 0x00000000c4200000, 0x00000000c4200000|100%| O|  |TAMS 0x00000000c4200000, 0x00000000c4100000| Untracked 
|  24|0x00000000c4200000, 0x00000000c4300000, 0x00000000c4300000|100%| O|  |TAMS 0x00000000c4300000, 0x00000000c4200000| Untracked 
|  25|0x00000000c4300000, 0x00000000c4400000, 0x00000000c4400000|100%| O|  |TAMS 0x00000000c4400000, 0x00000000c4300000| Untracked 
|  26|0x00000000c4400000, 0x00000000c4500000, 0x00000000c4500000|100%| O|  |TAMS 0x00000000c440d400, 0x00000000c4400000| Untracked 
|  27|0x00000000c4500000, 0x00000000c4600000, 0x00000000c4600000|100%| O|  |TAMS 0x00000000c4500000, 0x00000000c4500000| Untracked 
|  28|0x00000000c4600000, 0x00000000c4700000, 0x00000000c4700000|100%| O|  |TAMS 0x00000000c4600000, 0x00000000c4600000| Untracked 
|  29|0x00000000c4700000, 0x00000000c4800000, 0x00000000c4800000|100%| O|  |TAMS 0x00000000c4700000, 0x00000000c4700000| Untracked 
|  30|0x00000000c4800000, 0x00000000c4900000, 0x00000000c4900000|100%| O|  |TAMS 0x00000000c4800000, 0x00000000c4800000| Untracked 
|  31|0x00000000c4900000, 0x00000000c4a00000, 0x00000000c4a00000|100%| O|  |TAMS 0x00000000c4900000, 0x00000000c4900000| Untracked 
|  32|0x00000000c4a00000, 0x00000000c4b00000, 0x00000000c4b00000|100%| O|  |TAMS 0x00000000c4a00000, 0x00000000c4a00000| Untracked 
|  33|0x00000000c4b00000, 0x00000000c4c00000, 0x00000000c4c00000|100%| O|  |TAMS 0x00000000c4b00000, 0x00000000c4b00000| Untracked 
|  34|0x00000000c4c00000, 0x00000000c4d00000, 0x00000000c4d00000|100%| O|  |TAMS 0x00000000c4c00000, 0x00000000c4c00000| Untracked 
|  35|0x00000000c4d00000, 0x00000000c4e00000, 0x00000000c4e00000|100%| O|  |TAMS 0x00000000c4d00000, 0x00000000c4d00000| Untracked 
|  36|0x00000000c4e00000, 0x00000000c4f00000, 0x00000000c4f00000|100%|HS|  |TAMS 0x00000000c4e00000, 0x00000000c4e00000| Complete 
|  37|0x00000000c4f00000, 0x00000000c5000000, 0x00000000c5000000|100%| O|  |TAMS 0x00000000c4f00000, 0x00000000c4f00000| Untracked 
|  38|0x00000000c5000000, 0x00000000c5100000, 0x00000000c5100000|100%| O|  |TAMS 0x00000000c5000000, 0x00000000c5000000| Untracked 
|  39|0x00000000c5100000, 0x00000000c5200000, 0x00000000c5200000|100%| O|  |TAMS 0x00000000c5100000, 0x00000000c5100000| Untracked 
|  40|0x00000000c5200000, 0x00000000c5300000, 0x00000000c5300000|100%| O|  |TAMS 0x00000000c5200000, 0x00000000c5200000| Untracked 
|  41|0x00000000c5300000, 0x00000000c5400000, 0x00000000c5400000|100%| O|  |TAMS 0x00000000c5300000, 0x00000000c5300000| Untracked 
|  42|0x00000000c5400000, 0x00000000c5500000, 0x00000000c5500000|100%| O|  |TAMS 0x00000000c5400000, 0x00000000c5400000| Untracked 
|  43|0x00000000c5500000, 0x00000000c5541e00, 0x00000000c5600000| 25%| O|  |TAMS 0x00000000c5500000, 0x00000000c5500000| Untracked 
|  44|0x00000000c5600000, 0x00000000c5600000, 0x00000000c5700000|  0%| F|  |TAMS 0x00000000c5600000, 0x00000000c5600000| Untracked 
|  45|0x00000000c5700000, 0x00000000c5700000, 0x00000000c5800000|  0%| F|  |TAMS 0x00000000c5700000, 0x00000000c5700000| Untracked 
|  46|0x00000000c5800000, 0x00000000c5800000, 0x00000000c5900000|  0%| F|  |TAMS 0x00000000c5800000, 0x00000000c5800000| Untracked 
|  47|0x00000000c5900000, 0x00000000c5900000, 0x00000000c5a00000|  0%| F|  |TAMS 0x00000000c5900000, 0x00000000c5900000| Untracked 
|  48|0x00000000c5a00000, 0x00000000c5a00000, 0x00000000c5b00000|  0%| F|  |TAMS 0x00000000c5a00000, 0x00000000c5a00000| Untracked 
|  49|0x00000000c5b00000, 0x00000000c5b00000, 0x00000000c5c00000|  0%| F|  |TAMS 0x00000000c5b00000, 0x00000000c5b00000| Untracked 
|  50|0x00000000c5c00000, 0x00000000c5c00000, 0x00000000c5d00000|  0%| F|  |TAMS 0x00000000c5c00000, 0x00000000c5c00000| Untracked 
|  51|0x00000000c5d00000, 0x00000000c5d00000, 0x00000000c5e00000|  0%| F|  |TAMS 0x00000000c5d00000, 0x00000000c5d00000| Untracked 
|  52|0x00000000c5e00000, 0x00000000c5e00000, 0x00000000c5f00000|  0%| F|  |TAMS 0x00000000c5e00000, 0x00000000c5e00000| Untracked 
|  53|0x00000000c5f00000, 0x00000000c5f00000, 0x00000000c6000000|  0%| F|  |TAMS 0x00000000c5f00000, 0x00000000c5f00000| Untracked 
|  54|0x00000000c6000000, 0x00000000c6000000, 0x00000000c6100000|  0%| F|  |TAMS 0x00000000c6000000, 0x00000000c6000000| Untracked 
|  55|0x00000000c6100000, 0x00000000c6100000, 0x00000000c6200000|  0%| F|  |TAMS 0x00000000c6100000, 0x00000000c6100000| Untracked 
|  56|0x00000000c6200000, 0x00000000c6200000, 0x00000000c6300000|  0%| F|  |TAMS 0x00000000c6200000, 0x00000000c6200000| Untracked 
|  57|0x00000000c6300000, 0x00000000c63a3e30, 0x00000000c6400000| 64%| S|CS|TAMS 0x00000000c6300000, 0x00000000c6300000| Complete 
|  58|0x00000000c6400000, 0x00000000c6500000, 0x00000000c6500000|100%| S|CS|TAMS 0x00000000c6400000, 0x00000000c6400000| Complete 
|  59|0x00000000c6500000, 0x00000000c6500000, 0x00000000c6600000|  0%| F|  |TAMS 0x00000000c6500000, 0x00000000c6500000| Untracked 
|  60|0x00000000c6600000, 0x00000000c6600000, 0x00000000c6700000|  0%| F|  |TAMS 0x00000000c6600000, 0x00000000c6600000| Untracked 
|  61|0x00000000c6700000, 0x00000000c6700000, 0x00000000c6800000|  0%| F|  |TAMS 0x00000000c6700000, 0x00000000c6700000| Untracked 
|  62|0x00000000c6800000, 0x00000000c6800000, 0x00000000c6900000|  0%| F|  |TAMS 0x00000000c6800000, 0x00000000c6800000| Untracked 
|  63|0x00000000c6900000, 0x00000000c6900000, 0x00000000c6a00000|  0%| F|  |TAMS 0x00000000c6900000, 0x00000000c6900000| Untracked 
|  64|0x00000000c6a00000, 0x00000000c6a00000, 0x00000000c6b00000|  0%| F|  |TAMS 0x00000000c6a00000, 0x00000000c6a00000| Untracked 
|  65|0x00000000c6b00000, 0x00000000c6b00000, 0x00000000c6c00000|  0%| F|  |TAMS 0x00000000c6b00000, 0x00000000c6b00000| Untracked 
|  66|0x00000000c6c00000, 0x00000000c6c00000, 0x00000000c6d00000|  0%| F|  |TAMS 0x00000000c6c00000, 0x00000000c6c00000| Untracked 
|  67|0x00000000c6d00000, 0x00000000c6d00000, 0x00000000c6e00000|  0%| F|  |TAMS 0x00000000c6d00000, 0x00000000c6d00000| Untracked 
|  68|0x00000000c6e00000, 0x00000000c6e00000, 0x00000000c6f00000|  0%| F|  |TAMS 0x00000000c6e00000, 0x00000000c6e00000| Untracked 
|  69|0x00000000c6f00000, 0x00000000c6f00000, 0x00000000c7000000|  0%| F|  |TAMS 0x00000000c6f00000, 0x00000000c6f00000| Untracked 
|  70|0x00000000c7000000, 0x00000000c7000000, 0x00000000c7100000|  0%| F|  |TAMS 0x00000000c7000000, 0x00000000c7000000| Untracked 
|  71|0x00000000c7100000, 0x00000000c7100000, 0x00000000c7200000|  0%| F|  |TAMS 0x00000000c7100000, 0x00000000c7100000| Untracked 
|  72|0x00000000c7200000, 0x00000000c7200000, 0x00000000c7300000|  0%| F|  |TAMS 0x00000000c7200000, 0x00000000c7200000| Untracked 
|  73|0x00000000c7300000, 0x00000000c7300000, 0x00000000c7400000|  0%| F|  |TAMS 0x00000000c7300000, 0x00000000c7300000| Untracked 
|  74|0x00000000c7400000, 0x00000000c7400000, 0x00000000c7500000|  0%| F|  |TAMS 0x00000000c7400000, 0x00000000c7400000| Untracked 
|  75|0x00000000c7500000, 0x00000000c7500000, 0x00000000c7600000|  0%| F|  |TAMS 0x00000000c7500000, 0x00000000c7500000| Untracked 
|  76|0x00000000c7600000, 0x00000000c7600000, 0x00000000c7700000|  0%| F|  |TAMS 0x00000000c7600000, 0x00000000c7600000| Untracked 
|  77|0x00000000c7700000, 0x00000000c7700000, 0x00000000c7800000|  0%| F|  |TAMS 0x00000000c7700000, 0x00000000c7700000| Untracked 
|  78|0x00000000c7800000, 0x00000000c7800000, 0x00000000c7900000|  0%| F|  |TAMS 0x00000000c7800000, 0x00000000c7800000| Untracked 
|  79|0x00000000c7900000, 0x00000000c7900000, 0x00000000c7a00000|  0%| F|  |TAMS 0x00000000c7900000, 0x00000000c7900000| Untracked 
|  80|0x00000000c7a00000, 0x00000000c7a00000, 0x00000000c7b00000|  0%| F|  |TAMS 0x00000000c7a00000, 0x00000000c7a00000| Untracked 
|  81|0x00000000c7b00000, 0x00000000c7b414b8, 0x00000000c7c00000| 25%| E|  |TAMS 0x00000000c7b00000, 0x00000000c7b00000| Complete 
|  82|0x00000000c7c00000, 0x00000000c7d00000, 0x00000000c7d00000|100%| E|CS|TAMS 0x00000000c7c00000, 0x00000000c7c00000| Complete 
|  83|0x00000000c7d00000, 0x00000000c7e00000, 0x00000000c7e00000|100%| E|CS|TAMS 0x00000000c7d00000, 0x00000000c7d00000| Complete 
|  84|0x00000000c7e00000, 0x00000000c7f00000, 0x00000000c7f00000|100%| E|CS|TAMS 0x00000000c7e00000, 0x00000000c7e00000| Complete 
|  85|0x00000000c7f00000, 0x00000000c8000000, 0x00000000c8000000|100%| E|CS|TAMS 0x00000000c7f00000, 0x00000000c7f00000| Complete 
|  86|0x00000000c8000000, 0x00000000c8100000, 0x00000000c8100000|100%| E|CS|TAMS 0x00000000c8000000, 0x00000000c8000000| Complete 
|  87|0x00000000c8100000, 0x00000000c8200000, 0x00000000c8200000|100%| E|CS|TAMS 0x00000000c8100000, 0x00000000c8100000| Complete 
|  88|0x00000000c8200000, 0x00000000c8300000, 0x00000000c8300000|100%| E|CS|TAMS 0x00000000c8200000, 0x00000000c8200000| Complete 
|  89|0x00000000c8300000, 0x00000000c8400000, 0x00000000c8400000|100%| E|CS|TAMS 0x00000000c8300000, 0x00000000c8300000| Complete 

Card table byte_map: [0x000001f09e6f0000,0x000001f09e8e0000] _byte_map_base: 0x000001f09e0db000

Marking Bits (Prev, Next): (CMBitMap*) 0x000001f08c0ff7d8, (CMBitMap*) 0x000001f08c0ff810
 Prev Bits: [0x000001f09ead0000, 0x000001f09fa28000)
 Next Bits: [0x000001f09fa30000, 0x000001f0a0988000)

Polling page: 0x000001f08a710000

Metaspace:

Usage:
  Non-class:     48.55 MB capacity,    47.98 MB ( 99%) used,   482.77 KB ( <1%) free+waste,   100.50 KB ( <1%) overhead. 
      Class:      7.25 MB capacity,     6.96 MB ( 96%) used,   256.80 KB (  3%) free+waste,    43.81 KB ( <1%) overhead. 
       Both:     55.80 MB capacity,    54.93 MB ( 98%) used,   739.58 KB (  1%) free+waste,   144.31 KB ( <1%) overhead. 

Virtual space:
  Non-class space:       54.00 MB reserved,      48.75 MB ( 90%) committed 
      Class space:        1.00 GB reserved,       7.25 MB ( <1%) committed 
             Both:        1.05 GB reserved,      56.00 MB (  5%) committed 

Chunk freelists:
   Non-Class:  1.88 KB
       Class:  128 bytes
        Both:  2.00 KB

CodeHeap 'non-profiled nmethods': size=120064Kb used=3282Kb max_used=3282Kb free=116781Kb
 bounds [0x000001f096cb0000, 0x000001f096ff0000, 0x000001f09e1f0000]
CodeHeap 'profiled nmethods': size=120000Kb used=13712Kb max_used=13712Kb free=106287Kb
 bounds [0x000001f08f780000, 0x000001f0904f0000, 0x000001f096cb0000]
CodeHeap 'non-nmethods': size=5696Kb used=1255Kb max_used=1281Kb free=4440Kb
 bounds [0x000001f08f1f0000, 0x000001f08f460000, 0x000001f08f780000]
 total_blobs=8070 nmethods=5701 adapters=561
 compilation: enabled
              stopped_count=0, restarted_count=0
 full_count=0

Compilation events (10 events):
Event: 40.519 Thread 0x000001f0a3566000 nmethod 6043 0x000001f096fe2e10 code [0x000001f096fe2fc0, 0x000001f096fe3258]
Event: 40.522 Thread 0x000001f0a3566000 6054       4       java.lang.reflect.Method::getAnnotation (6 bytes)
Event: 40.539 Thread 0x000001f0a35c3800 6055       3       org.hibernate.boot.registry.classloading.internal.ClassLoaderServiceImpl$AggregatedClassLoader$2::hasNext (44 bytes)
Event: 40.539 Thread 0x000001f0a35c3800 nmethod 6055 0x000001f0904b7410 code [0x000001f0904b75e0, 0x000001f0904b7898]
Event: 40.549 Thread 0x000001f0a35c3800 6056       3       javassist.bytecode.CodeAttribute::<init> (116 bytes)
Event: 40.550 Thread 0x000001f0a35c3800 nmethod 6056 0x000001f0904b7990 code [0x000001f0904b7c20, 0x000001f0904b8730]
Event: 40.553 Thread 0x000001f0a35c3800 6057       3       javassist.bytecode.MethodInfo::<init> (11 bytes)
Event: 40.553 Thread 0x000001f0a35c3800 nmethod 6057 0x000001f0904b8b10 code [0x000001f0904b8ce0, 0x000001f0904b8fd0]
Event: 40.593 Thread 0x000001f0a35c3800 6058       3       javassist.bytecode.ClassFile::addMethod2 (12 bytes)
Event: 40.594 Thread 0x000001f0a35c3800 nmethod 6058 0x000001f0904b9110 code [0x000001f0904b92e0, 0x000001f0904b9510]

GC Heap History (10 events):
Event: 32.387 GC heap before
{Heap before GC invocations=20 (full 0):
 garbage-first heap   total 92160K, used 70737K [0x00000000c2a00000, 0x0000000100000000)
  region size 1024K, 39 young (39936K), 2 survivors (2048K)
 Metaspace       used 43706K, capacity 44387K, committed 44672K, reserved 1087488K
  class space    used 5400K, capacity 5642K, committed 5760K, reserved 1048576K
}
Event: 32.396 GC heap after
{Heap after GC invocations=21 (full 0):
 garbage-first heap   total 92160K, used 36510K [0x00000000c2a00000, 0x0000000100000000)
  region size 1024K, 5 young (5120K), 5 survivors (5120K)
 Metaspace       used 43706K, capacity 44387K, committed 44672K, reserved 1087488K
  class space    used 5400K, capacity 5642K, committed 5760K, reserved 1048576K
}
Event: 34.351 GC heap before
{Heap before GC invocations=21 (full 0):
 garbage-first heap   total 92160K, used 71326K [0x00000000c2a00000, 0x0000000100000000)
  region size 1024K, 40 young (40960K), 5 survivors (5120K)
 Metaspace       used 47079K, capacity 47720K, committed 47872K, reserved 1091584K
  class space    used 5832K, capacity 6068K, committed 6144K, reserved 1048576K
}
Event: 34.367 GC heap after
{Heap after GC invocations=22 (full 0):
 garbage-first heap   total 92160K, used 37858K [0x00000000c2a00000, 0x0000000100000000)
  region size 1024K, 4 young (4096K), 4 survivors (4096K)
 Metaspace       used 47079K, capacity 47720K, committed 47872K, reserved 1091584K
  class space    used 5832K, capacity 6068K, committed 6144K, reserved 1048576K
}
Event: 35.986 GC heap before
{Heap before GC invocations=22 (full 0):
 garbage-first heap   total 92160K, used 73698K [0x00000000c2a00000, 0x0000000100000000)
  region size 1024K, 39 young (39936K), 4 survivors (4096K)
 Metaspace       used 49206K, capacity 49923K, committed 50176K, reserved 1093632K
  class space    used 6158K, capacity 6394K, committed 6400K, reserved 1048576K
}
Event: 35.998 GC heap after
{Heap after GC invocations=23 (full 0):
 garbage-first heap   total 92160K, used 38947K [0x00000000c2a00000, 0x0000000100000000)
  region size 1024K, 3 young (3072K), 3 survivors (3072K)
 Metaspace       used 49206K, capacity 49923K, committed 50176K, reserved 1093632K
  class space    used 6158K, capacity 6394K, committed 6400K, reserved 1048576K
}
Event: 37.938 GC heap before
{Heap before GC invocations=23 (full 0):
 garbage-first heap   total 92160K, used 74787K [0x00000000c2a00000, 0x0000000100000000)
  region size 1024K, 38 young (38912K), 3 survivors (3072K)
 Metaspace       used 52200K, capacity 52979K, committed 53248K, reserved 1095680K
  class space    used 6633K, capacity 6893K, committed 6912K, reserved 1048576K
}
Event: 37.952 GC heap after
{Heap after GC invocations=24 (full 0):
 garbage-first heap   total 92160K, used 39259K [0x00000000c2a00000, 0x0000000100000000)
  region size 1024K, 3 young (3072K), 3 survivors (3072K)
 Metaspace       used 52200K, capacity 52979K, committed 53248K, reserved 1095680K
  class space    used 6633K, capacity 6893K, committed 6912K, reserved 1048576K
}
Event: 39.788 GC heap before
{Heap before GC invocations=24 (full 0):
 garbage-first heap   total 92160K, used 77147K [0x00000000c2a00000, 0x0000000100000000)
  region size 1024K, 39 young (39936K), 3 survivors (3072K)
 Metaspace       used 54774K, capacity 55546K, committed 55680K, reserved 1097728K
  class space    used 6978K, capacity 7255K, committed 7296K, reserved 1048576K
}
Event: 39.799 GC heap after
{Heap after GC invocations=25 (full 0):
 garbage-first heap   total 92160K, used 43551K [0x00000000c2a00000, 0x0000000100000000)
  region size 1024K, 5 young (5120K), 5 survivors (5120K)
 Metaspace       used 54774K, capacity 55546K, committed 55680K, reserved 1097728K
  class space    used 6978K, capacity 7255K, committed 7296K, reserved 1048576K
}

Deoptimization events (10 events):
Event: 36.388 Thread 0x000001f0a4cc1800 Uncommon trap: reason=null_check action=make_not_entrant pc=0x000001f096eca5a0 method=java.lang.ClassLoader.definePackage(Ljava/lang/String;Ljava/lang/Module;)Ljava/lang/Package; @ 50 c2
Event: 36.774 Thread 0x000001f0a4cc1800 Uncommon trap: reason=unstable_if action=reinterpret pc=0x000001f096f97660 method=java.util.concurrent.ConcurrentHashMap.computeIfAbsent(Ljava/lang/Object;Ljava/util/function/Function;)Ljava/lang/Object; @ 312 c2
Event: 36.826 Thread 0x000001f0a4cc3000 Uncommon trap: reason=unstable_if action=reinterpret pc=0x000001f096f78a10 method=java.lang.reflect.Executable.declaredAnnotations()Ljava/util/Map; @ 19 c2
Event: 37.040 Thread 0x000001f0a4cc3000 Uncommon trap: reason=intrinsic_or_type_checked_inlining action=make_not_entrant pc=0x000001f096fa6a60 method=java.util.Arrays.copyOf([Ljava/lang/Object;ILjava/lang/Class;)[Ljava/lang/Object; @ 36 c2
Event: 38.138 Thread 0x000001f0a4cc3000 Uncommon trap: reason=unstable_if action=reinterpret pc=0x000001f096f99bfc method=java.util.HashMap$HashIterator.<init>(Ljava/util/HashMap;)V @ 45 c2
Event: 39.845 Thread 0x000001f0a4cc1800 Uncommon trap: reason=class_check action=maybe_recompile pc=0x000001f096fbbb20 method=jdk.internal.misc.Unsafe.allocateUninitializedArray(Ljava/lang/Class;I)Ljava/lang/Object; @ 51 c2
Event: 39.845 Thread 0x000001f0a4cc1800 Uncommon trap: reason=class_check action=maybe_recompile pc=0x000001f096fbbb20 method=jdk.internal.misc.Unsafe.allocateUninitializedArray(Ljava/lang/Class;I)Ljava/lang/Object; @ 51 c2
Event: 39.845 Thread 0x000001f0a4cc1800 Uncommon trap: reason=class_check action=maybe_recompile pc=0x000001f096fbbb20 method=jdk.internal.misc.Unsafe.allocateUninitializedArray(Ljava/lang/Class;I)Ljava/lang/Object; @ 51 c2
Event: 39.845 Thread 0x000001f0a4cc1800 Uncommon trap: reason=class_check action=maybe_recompile pc=0x000001f096fbbb20 method=jdk.internal.misc.Unsafe.allocateUninitializedArray(Ljava/lang/Class;I)Ljava/lang/Object; @ 51 c2
Event: 40.057 Thread 0x000001f0a7483000 Uncommon trap: reason=unstable_if action=reinterpret pc=0x000001f096e2a460 method=sun.nio.cs.UTF_8$Decoder.decodeArrayLoop(Ljava/nio/ByteBuffer;Ljava/nio/CharBuffer;)Ljava/nio/charset/CoderResult; @ 84 c2

Classes redefined (0 events):
No events

Internal exceptions (10 events):
Event: 40.465 Thread 0x000001f0a4cc1800 Exception <a 'java/security/PrivilegedActionException'{0x00000000c6f2d3a0}> (0x00000000c6f2d3a0) thrown at [t:/workspace/open/src/hotspot/share/prims/jvm.cpp, line 1307]
Event: 40.465 Thread 0x000001f0a4cc1800 Exception <a 'java/security/PrivilegedActionException'{0x00000000c6f2d918}> (0x00000000c6f2d918) thrown at [t:/workspace/open/src/hotspot/share/prims/jvm.cpp, line 1307]
Event: 40.466 Thread 0x000001f0a4cc1800 Exception <a 'java/security/PrivilegedActionException'{0x00000000c6f32390}> (0x00000000c6f32390) thrown at [t:/workspace/open/src/hotspot/share/prims/jvm.cpp, line 1307]
Event: 40.466 Thread 0x000001f0a4cc1800 Exception <a 'java/security/PrivilegedActionException'{0x00000000c6f32908}> (0x00000000c6f32908) thrown at [t:/workspace/open/src/hotspot/share/prims/jvm.cpp, line 1307]
Event: 40.466 Thread 0x000001f0a4cc1800 Exception <a 'java/security/PrivilegedActionException'{0x00000000c6f34108}> (0x00000000c6f34108) thrown at [t:/workspace/open/src/hotspot/share/prims/jvm.cpp, line 1307]
Event: 40.466 Thread 0x000001f0a4cc1800 Exception <a 'java/security/PrivilegedActionException'{0x00000000c6f34680}> (0x00000000c6f34680) thrown at [t:/workspace/open/src/hotspot/share/prims/jvm.cpp, line 1307]
Event: 40.466 Thread 0x000001f0a4cc1800 Exception <a 'java/security/PrivilegedActionException'{0x00000000c6f388b8}> (0x00000000c6f388b8) thrown at [t:/workspace/open/src/hotspot/share/prims/jvm.cpp, line 1307]
Event: 40.466 Thread 0x000001f0a4cc1800 Exception <a 'java/security/PrivilegedActionException'{0x00000000c6f38e30}> (0x00000000c6f38e30) thrown at [t:/workspace/open/src/hotspot/share/prims/jvm.cpp, line 1307]
Event: 40.466 Thread 0x000001f0a4cc1800 Exception <a 'java/security/PrivilegedActionException'{0x00000000c6f3a630}> (0x00000000c6f3a630) thrown at [t:/workspace/open/src/hotspot/share/prims/jvm.cpp, line 1307]
Event: 40.466 Thread 0x000001f0a4cc1800 Exception <a 'java/security/PrivilegedActionException'{0x00000000c6f3aba8}> (0x00000000c6f3aba8) thrown at [t:/workspace/open/src/hotspot/share/prims/jvm.cpp, line 1307]

Events (10 events):
Event: 40.440 loading class com/ibm/ws/Transaction/TransactionManagerFactory
Event: 40.440 loading class com/ibm/ws/Transaction/TransactionManagerFactory done
Event: 40.441 loading class com/ibm/ws/Transaction/TransactionManagerFactory
Event: 40.441 loading class com/ibm/ws/Transaction/TransactionManagerFactory done
Event: 40.500 loading class org/hibernate/envers/boot/internal/EnversIntegrator
Event: 40.500 loading class org/hibernate/envers/boot/internal/EnversIntegrator done
Event: 40.501 Thread 0x000001f0a4cc1800 DEOPT PACKING pc=0x000001f090442f17 sp=0x00000089bc2fd1d0
Event: 40.501 Thread 0x000001f0a4cc1800 DEOPT UNPACKING pc=0x000001f08f21813f sp=0x00000089bc2fc758 mode 0
Event: 40.512 loading class org/hibernate/envers/boot/internal/EnversServiceContributor
Event: 40.512 loading class org/hibernate/envers/boot/internal/EnversServiceContributor done


Dynamic libraries:
0x00007ff613e50000 - 0x00007ff613e95000 	C:\Users\Monserrat\Documents\openxava-6.6.3\studio\jre\bin\javaw.exe
0x00007ff858690000 - 0x00007ff858888000 	C:\WINDOWS\SYSTEM32\ntdll.dll
0x00007ff829ff0000 - 0x00007ff82a007000 	C:\Program Files\Avast Software\Avast\aswhook.dll
0x00007ff857570000 - 0x00007ff85762d000 	C:\WINDOWS\System32\KERNEL32.DLL
0x00007ff855e40000 - 0x00007ff85610e000 	C:\WINDOWS\System32\KERNELBASE.dll
0x00007ff857630000 - 0x00007ff8577d0000 	C:\WINDOWS\System32\USER32.dll
0x00007ff856580000 - 0x00007ff8565a2000 	C:\WINDOWS\System32\win32u.dll
0x00007ff8583e0000 - 0x00007ff85840a000 	C:\WINDOWS\System32\GDI32.dll
0x00007ff856370000 - 0x00007ff85647b000 	C:\WINDOWS\System32\gdi32full.dll
0x00007ff8565e0000 - 0x00007ff85667d000 	C:\WINDOWS\System32\msvcp_win.dll
0x00007ff856270000 - 0x00007ff856370000 	C:\WINDOWS\System32\ucrtbase.dll
0x00007ff83fc10000 - 0x00007ff83feaa000 	C:\WINDOWS\WinSxS\amd64_microsoft.windows.common-controls_6595b64144ccf1df_6.0.19041.1110_none_60b5254171f9507e\COMCTL32.dll
0x00007ff856700000 - 0x00007ff85679e000 	C:\WINDOWS\System32\msvcrt.dll
0x00007ff857540000 - 0x00007ff857570000 	C:\WINDOWS\System32\IMM32.DLL
0x00007ff84c9a0000 - 0x00007ff84c9b6000 	C:\Users\Monserrat\Documents\openxava-6.6.3\studio\jre\bin\vcruntime140.dll
0x00007ff828d60000 - 0x00007ff828e0a000 	C:\Users\Monserrat\Documents\openxava-6.6.3\studio\jre\bin\msvcp140.dll
0x00007ff801dc0000 - 0x00007ff8028e3000 	C:\Users\Monserrat\Documents\openxava-6.6.3\studio\jre\bin\server\jvm.dll
0x00007ff8585a0000 - 0x00007ff85864e000 	C:\WINDOWS\System32\ADVAPI32.dll
0x00007ff8574a0000 - 0x00007ff85753c000 	C:\WINDOWS\System32\sechost.dll
0x00007ff857860000 - 0x00007ff857985000 	C:\WINDOWS\System32\RPCRT4.dll
0x00007ff8566f0000 - 0x00007ff8566f8000 	C:\WINDOWS\System32\PSAPI.DLL
0x00007ff83c090000 - 0x00007ff83c099000 	C:\WINDOWS\SYSTEM32\WSOCK32.dll
0x00007ff857430000 - 0x00007ff85749b000 	C:\WINDOWS\System32\WS2_32.dll
0x00007ff836a60000 - 0x00007ff836a87000 	C:\WINDOWS\SYSTEM32\WINMM.dll
0x00007ff84f2e0000 - 0x00007ff84f2ea000 	C:\WINDOWS\SYSTEM32\VERSION.dll
0x00007ff854680000 - 0x00007ff854692000 	C:\WINDOWS\SYSTEM32\kernel.appcore.dll
0x00007ff83e8f0000 - 0x00007ff83e901000 	C:\Users\Monserrat\Documents\openxava-6.6.3\studio\jre\bin\verify.dll
0x00007ff853bb0000 - 0x00007ff853d94000 	C:\WINDOWS\SYSTEM32\DBGHELP.DLL
0x00007ff83e0b0000 - 0x00007ff83e0dc000 	C:\WINDOWS\SYSTEM32\dbgcore.DLL
0x00007ff855db0000 - 0x00007ff855e32000 	C:\WINDOWS\System32\bcryptPrimitives.dll
0x00007ff82adb0000 - 0x00007ff82add8000 	C:\Users\Monserrat\Documents\openxava-6.6.3\studio\jre\bin\java.dll
0x00007ff839100000 - 0x00007ff839116000 	C:\Users\Monserrat\Documents\openxava-6.6.3\studio\jre\bin\zip.dll
0x00007ff84af70000 - 0x00007ff84af7a000 	C:\Users\Monserrat\Documents\openxava-6.6.3\studio\jre\bin\jimage.dll
0x00007ff857c90000 - 0x00007ff8583d3000 	C:\WINDOWS\System32\SHELL32.dll
0x00007ff853da0000 - 0x00007ff854535000 	C:\WINDOWS\SYSTEM32\windows.storage.dll
0x00007ff856950000 - 0x00007ff856ca4000 	C:\WINDOWS\System32\combase.dll
0x00007ff855740000 - 0x00007ff855770000 	C:\WINDOWS\SYSTEM32\Wldp.dll
0x00007ff857380000 - 0x00007ff85742d000 	C:\WINDOWS\System32\SHCORE.dll
0x00007ff857b50000 - 0x00007ff857ba5000 	C:\WINDOWS\System32\shlwapi.dll
0x00007ff855cf0000 - 0x00007ff855d0f000 	C:\WINDOWS\SYSTEM32\profapi.dll
0x00007ff838de0000 - 0x00007ff838df9000 	C:\Users\Monserrat\Documents\openxava-6.6.3\studio\jre\bin\net.dll
0x00007ff83fa20000 - 0x00007ff83fb2a000 	C:\WINDOWS\SYSTEM32\WINHTTP.dll
0x00007ff842d60000 - 0x00007ff842f4c000 	C:\WINDOWS\SYSTEM32\urlmon.dll
0x00007ff8430e0000 - 0x00007ff843391000 	C:\WINDOWS\SYSTEM32\iertutil.dll
0x00007ff842d30000 - 0x00007ff842d58000 	C:\WINDOWS\SYSTEM32\srvcli.dll
0x00007ff8552f0000 - 0x00007ff8552fc000 	C:\WINDOWS\SYSTEM32\netutils.dll
0x00007ff8554a0000 - 0x00007ff85550a000 	C:\WINDOWS\system32\mswsock.dll
0x00007ff838db0000 - 0x00007ff838dc3000 	C:\Users\Monserrat\Documents\openxava-6.6.3\studio\jre\bin\nio.dll
0x00007ff854ab0000 - 0x00007ff854ae3000 	C:\WINDOWS\SYSTEM32\ntmarta.dll
0x00007ff852690000 - 0x00007ff852699000 	C:\Users\Monserrat\Documents\openxava-6.6.3\studio\jre\bin\management.dll
0x00007ff852630000 - 0x00007ff85263c000 	C:\Users\Monserrat\Documents\openxava-6.6.3\studio\jre\bin\management_ext.dll
0x00007ff855690000 - 0x00007ff8556a8000 	C:\WINDOWS\SYSTEM32\CRYPTSP.dll
0x00007ff854e20000 - 0x00007ff854e54000 	C:\WINDOWS\system32\rsaenh.dll
0x00007ff8565b0000 - 0x00007ff8565d7000 	C:\WINDOWS\System32\bcrypt.dll
0x00007ff855c70000 - 0x00007ff855c9e000 	C:\WINDOWS\SYSTEM32\USERENV.dll
0x00007ff8556b0000 - 0x00007ff8556bc000 	C:\WINDOWS\SYSTEM32\CRYPTBASE.dll
0x00007ff855190000 - 0x00007ff8551cb000 	C:\WINDOWS\SYSTEM32\IPHLPAPI.DLL
0x00007ff858590000 - 0x00007ff858598000 	C:\WINDOWS\System32\NSI.dll
0x00007ff846470000 - 0x00007ff846487000 	C:\WINDOWS\SYSTEM32\dhcpcsvc6.DLL
0x00007ff846540000 - 0x00007ff84655d000 	C:\WINDOWS\SYSTEM32\dhcpcsvc.DLL
0x00007ff8551d0000 - 0x00007ff85529a000 	C:\WINDOWS\SYSTEM32\DNSAPI.dll
0x00007ff83d580000 - 0x00007ff83d58a000 	C:\Windows\System32\rasadhlp.dll
0x00007ff83d5a0000 - 0x00007ff83d620000 	C:\WINDOWS\System32\fwpuclnt.dll
0x00007ff84f520000 - 0x00007ff84f537000 	C:\WINDOWS\system32\napinsp.dll
0x00007ff84f540000 - 0x00007ff84f55b000 	C:\WINDOWS\system32\pnrpnsp.dll
0x00007ff84f630000 - 0x00007ff84f645000 	C:\WINDOWS\system32\wshbth.dll
0x00007ff850000000 - 0x00007ff85001d000 	C:\WINDOWS\system32\NLAapi.dll
0x00007ff84f650000 - 0x00007ff84f662000 	C:\WINDOWS\System32\winrnr.dll

dbghelp: loaded successfully - version: 4.0.5 - missing functions: none
symbol engine: initialized successfully - sym options: 0x614 - pdb path: .;C:\Users\Monserrat\Documents\openxava-6.6.3\studio\jre\bin;C:\WINDOWS\SYSTEM32;C:\Program Files\Avast Software\Avast;C:\WINDOWS\WinSxS\amd64_microsoft.windows.common-controls_6595b64144ccf1df_6.0.19041.1110_none_60b5254171f9507e;C:\Users\Monserrat\Documents\openxava-6.6.3\studio\jre\bin\server

VM Arguments:
jvm_args: -Dfile.encoding=Cp1252 
java_command: _run._Run_facturacion
java_class_path (initial): C:\Users\Monserrat\Documents\openxava-6.6.3\workspace\facturacion\web\WEB-INF\classes;C:\Users\Monserrat\Documents\openxava-6.6.3\workspace\OpenXava\web\WEB-INF\lib\commons-fileupload.jar;C:\Users\Monserrat\Documents\openxava-6.6.3\workspace\OpenXava\web\WEB-INF\lib\itext.jar;C:\Users\Monserrat\Documents\openxava-6.6.3\workspace\OpenXava\lib\portlet-api-1.0.jar;C:\Users\Monserrat\Documents\openxava-6.6.3\workspace\OpenXava\web\WEB-INF\lib\dom4j.jar;C:\Users\Monserrat\Documents\openxava-6.6.3\workspace\OpenXava\web\WEB-INF\lib\commons-collections.jar;C:\Users\Monserrat\Documents\openxava-6.6.3\workspace\OpenXava\web\WEB-INF\lib\jasperreports.jar;C:\Users\Monserrat\Documents\openxava-6.6.3\workspace\OpenXava\web\WEB-INF\lib\antlr.jar;C:\Users\Monserrat\Documents\openxava-6.6.3\workspace\OpenXava\web\WEB-INF\lib\javassist.jar;C:\Users\Monserrat\Documents\openxava-6.6.3\workspace\OpenXava\web\WEB-INF\lib\commons-validator.jar;C:\Users\Monserrat\Documents\openxava-6.6.3\workspace\OpenXava\web\WEB-INF\lib\mailapi.jar;C:\Users\Monserrat\Documents\openxava-6.6.3\workspace\OpenXava\lib\htmlunit.jar;C:\Users\Monserrat\Documents\openxava-6.6.3\workspace\OpenXava\web\WEB-INF\lib\commons-io.jar;C:\Users\Monserrat\Documents\openxava-6.6.3\workspace\OpenXava\web\WEB-INF\lib\ox-jdbc-adapters.jar;C:\Users\Monserrat\Documents\openxava-6.6.3\workspace\OpenXava\lib\htmlunit-core-js.jar;C:\Users\Monserrat\Documents\openxava-6.6.3\workspace\OpenXava\web\WEB-INF\lib\commons-logging.jar;C:\Users\Monserrat\Documents\openxava-6.6.3\workspace\OpenXava\web\WEB-INF\lib\dwr.jar;C:\Users\Monserrat\Documents\openxava-6.6.3\workspace\OpenXava\lib\junit.jar;C:\Users\Monserrat\Documents\openxava-6.6.3\workspace\OpenXava\web\WEB-INF\lib\javax.inject.jar;C:\Users\Monserrat\Documents\openxava-6.6.3\workspace\OpenXava\web\WEB-INF\lib\commons-beanutils.jar;C:\Users\Monserrat\Documents\openxava-6.6.3\workspace\OpenXava\lib\portal-kernel.jar;C:\Users\Monserrat\Documents\openxava
Launcher Type: SUN_STANDARD

[Global flags]
     intx CICompilerCount                          = 2                                         {product} {ergonomic}
     uint ConcGCThreads                            = 1                                         {product} {ergonomic}
     uint G1ConcRefinementThreads                  = 2                                         {product} {ergonomic}
   size_t G1HeapRegionSize                         = 1048576                                   {product} {ergonomic}
    uintx GCDrainStackTargetSize                   = 64                                        {product} {ergonomic}
   size_t InitialHeapSize                          = 65011712                                  {product} {ergonomic}
   size_t MarkStackSize                            = 4194304                                   {product} {ergonomic}
   size_t MaxHeapSize                              = 1029701632                                {product} {ergonomic}
   size_t MaxNewSize                               = 617611264                                 {product} {ergonomic}
   size_t MinHeapDeltaBytes                        = 1048576                                   {product} {ergonomic}
    uintx NonNMethodCodeHeapSize                   = 5824844                                {pd product} {ergonomic}
    uintx NonProfiledCodeHeapSize                  = 122916698                              {pd product} {ergonomic}
    uintx ProfiledCodeHeapSize                     = 122916698                              {pd product} {ergonomic}
    uintx ReservedCodeCacheSize                    = 251658240                              {pd product} {ergonomic}
     bool SegmentedCodeCache                       = true                                      {product} {ergonomic}
     bool UseCompressedClassPointers               = true                                 {lp64_product} {ergonomic}
     bool UseCompressedOops                        = true                                 {lp64_product} {ergonomic}
     bool UseG1GC                                  = true                                      {product} {ergonomic}
     bool UseLargePagesIndividualAllocation        = false                                  {pd product} {ergonomic}

Logging:
Log output configuration:
 #0: stdout all=warning uptime,level,tags
 #1: stderr all=off uptime,level,tags

Environment Variables:
PATH=C:/Users/Monserrat/Documents/openxava-6.6.3//studio/jre/bin/server;C:/Users/Monserrat/Documents/openxava-6.6.3//studio/jre/bin;C:\ProgramData\Oracle\Java\javapath;C:\Program Files (x86)\Intel\TXE Components\iCLS\;C:\Program Files\Intel\TXE Components\iCLS\;C:\WINDOWS\system32;C:\WINDOWS;C:\WINDOWS\System32\Wbem;C:\WINDOWS\System32\WindowsPowerShell\v1.0\;C:\WINDOWS\System32\OpenSSH\;C:\Program Files\Intel\TXE Components\DAL\;C:\Program Files (x86)\Intel\TXE Components\DAL\;C:\Program Files\Intel\TXE Components\IPT\;C:\Program Files (x86)\Intel\TXE Components\IPT\;C:\Users\Monserrat\AppData\Local\Microsoft\WindowsApps;C:\Users\Monserrat\AppData\Local\GitHubDesktop\bin;C:\Users\Monserrat\Documents\openxava-6.6.3;
USERNAME=Monserrat
OS=Windows_NT
PROCESSOR_IDENTIFIER=Intel64 Family 6 Model 122 Stepping 1, GenuineIntel



---------------  S Y S T E M  ---------------

OS: Windows 10 , 64 bit Build 19041 (10.0.19041.1889)

CPU:total 2 (initial active 2) (2 cores per cpu, 1 threads per core) family 6 model 122 stepping 1, cmov, cx8, fxsr, mmx, sse, sse2, sse3, ssse3, sse4.1, sse4.2, popcnt, aes, clmul, erms, 3dnowpref, tsc, tscinvbit, sha

Memory: 4k page, system-wide physical 3927M (410M free)
TotalPageFile size 5313M (AvailPageFile size 110M)
current process WorkingSet (physical memory assigned to process): 246M, peak: 246M
current process commit charge ("private bytes"): 270M, peak: 270M

vm_info: OpenJDK 64-Bit Server VM (11.0.2+9) for windows-amd64 JRE (11.0.2+9), built on Jan 18 2019 05:23:22 by "mach5one" with MS VC++ 15.5 (VS2017)

END.
